Using pre-set license
Built from '2021.3/staging' branch; Version is '2021.3.15f1 (e8e88683f834) revision 15263878'; Using compiler version '192829333'; Build Type 'Release'
OS: 'Windows 10  (10.0.19045) 64bit Core' Language: 'zh' Physical Memory: 16304 MB
BatchMode: 1, IsHumanControllingUs: 0, StartBugReporterOnCrash: 0, Is64bit: 1, IsPro: 1

COMMAND LINE ARGUMENTS:
C:\Program Files\Unity\Hub\Editor\2021.3.15f1\Editor\Unity.exe
-adb2
-batchMode
-noUpm
-name
AssetImportWorker0
-projectPath
C:/Users/24544/Desktop/government_Projects/CardFps
-logFile
Logs/AssetImportWorker0.log
-srvPort
49567
Successfully changed project path to: C:/Users/24544/Desktop/government_Projects/CardFps
C:/Users/24544/Desktop/government_Projects/CardFps
[UnityMemory] Configuration Parameters - Can be set up in boot.config
    "memorysetup-bucket-allocator-granularity=16"
    "memorysetup-bucket-allocator-bucket-count=8"
    "memorysetup-bucket-allocator-block-size=33554432"
    "memorysetup-bucket-allocator-block-count=8"
    "memorysetup-main-allocator-block-size=16777216"
    "memorysetup-thread-allocator-block-size=16777216"
    "memorysetup-gfx-main-allocator-block-size=16777216"
    "memorysetup-gfx-thread-allocator-block-size=16777216"
    "memorysetup-cache-allocator-block-size=4194304"
    "memorysetup-typetree-allocator-block-size=2097152"
    "memorysetup-profiler-bucket-allocator-granularity=16"
    "memorysetup-profiler-bucket-allocator-bucket-count=8"
    "memorysetup-profiler-bucket-allocator-block-size=33554432"
    "memorysetup-profiler-bucket-allocator-block-count=8"
    "memorysetup-profiler-allocator-block-size=16777216"
    "memorysetup-profiler-editor-allocator-block-size=1048576"
    "memorysetup-temp-allocator-size-main=16777216"
    "memorysetup-job-temp-allocator-block-size=2097152"
    "memorysetup-job-temp-allocator-block-size-background=1048576"
    "memorysetup-job-temp-allocator-reduction-small-platforms=262144"
    "memorysetup-temp-allocator-size-background-worker=32768"
    "memorysetup-temp-allocator-size-job-worker=262144"
    "memorysetup-temp-allocator-size-preload-manager=33554432"
    "memorysetup-temp-allocator-size-nav-mesh-worker=65536"
    "memorysetup-temp-allocator-size-audio-worker=65536"
    "memorysetup-temp-allocator-size-cloud-worker=32768"
    "memorysetup-temp-allocator-size-gi-baking-worker=262144"
    "memorysetup-temp-allocator-size-gfx=262144"
Player connection [18556] Host "[IP] 26.253.3.109 [Port] 0 [Flags] 2 [Guid] 2777975856 [EditorId] 2777975856 [Version] 1048832 [Id] WindowsEditor(7,DESKTOP-LTDPVBE) [Debug] 1 [PackageName] WindowsEditor [ProjectName] Editor" joined multi-casting on [225.0.0.222:54997]...

Player connection [18556] Host "[IP] 26.253.3.109 [Port] 0 [Flags] 2 [Guid] 2777975856 [EditorId] 2777975856 [Version] 1048832 [Id] WindowsEditor(7,DESKTOP-LTDPVBE) [Debug] 1 [PackageName] WindowsEditor [ProjectName] Editor" joined alternative multi-casting on [225.0.0.222:34997]...

Refreshing native plugins compatible for Editor in 186.71 ms, found 3 plugins.
Preloading 0 native plugins for Editor in 0.00 ms.
Initialize engine version: 2021.3.15f1 (e8e88683f834)
[Subsystems] Discovering subsystems at path C:/Program Files/Unity/Hub/Editor/2021.3.15f1/Editor/Data/Resources/UnitySubsystems
[Subsystems] Discovering subsystems at path C:/Users/24544/Desktop/government_Projects/CardFps/Assets
GfxDevice: creating device client; threaded=0; jobified=0
Direct3D:
    Version:  Direct3D 11.0 [level 11.1]
    Renderer: NVIDIA GeForce GTX 1050 Ti (ID=0x1c8c)
    Vendor:   NVIDIA
    VRAM:     4005 MB
    Driver:   31.0.15.5123
Initialize mono
Mono path[0] = 'C:/Program Files/Unity/Hub/Editor/2021.3.15f1/Editor/Data/Managed'
Mono path[1] = 'C:/Program Files/Unity/Hub/Editor/2021.3.15f1/Editor/Data/MonoBleedingEdge/lib/mono/unityjit-win32'
Mono config path = 'C:/Program Files/Unity/Hub/Editor/2021.3.15f1/Editor/Data/MonoBleedingEdge/etc'
Using monoOptions --debugger-agent=transport=dt_socket,embedding=1,server=y,suspend=n,address=127.0.0.1:56660
Begin MonoManager ReloadAssembly
Registering precompiled unity dll's ...
Register platform support module: C:/Program Files/Unity/Hub/Editor/2021.3.15f1/Editor/Data/PlaybackEngines/AndroidPlayer/UnityEditor.Android.Extensions.dll
Register platform support module: C:/Program Files/Unity/Hub/Editor/2021.3.15f1/Editor/Data/PlaybackEngines/WindowsStandaloneSupport/UnityEditor.WindowsStandalone.Extensions.dll
Registered in 0.013133 seconds.
Native extension for WindowsStandalone target not found
Native extension for Android target not found
Refreshing native plugins compatible for Editor in 252.53 ms, found 3 plugins.
Preloading 0 native plugins for Editor in 0.00 ms.
Mono: successfully reloaded assembly
- Completed reload, in  1.206 seconds
Domain Reload Profiling:
	ReloadAssembly (1207ms)
		BeginReloadAssembly (123ms)
			ExecutionOrderSort (0ms)
			DisableScriptedObjects (0ms)
			BackupInstance (0ms)
			ReleaseScriptingObjects (0ms)
			CreateAndSetChildDomain (2ms)
		EndReloadAssembly (916ms)
			LoadAssemblies (118ms)
			RebuildTransferFunctionScriptingTraits (0ms)
			SetupTypeCache (173ms)
			ReleaseScriptCaches (0ms)
			RebuildScriptCaches (52ms)
			SetupLoadedEditorAssemblies (604ms)
				LogAssemblyErrors (0ms)
				InitializePlatformSupportModulesInManaged (84ms)
				SetLoadedEditorAssemblies (0ms)
				RefreshPlugins (253ms)
				BeforeProcessingInitializeOnLoad (2ms)
				ProcessInitializeOnLoadAttributes (186ms)
				ProcessInitializeOnLoadMethodAttributes (79ms)
				AfterProcessingInitializeOnLoad (0ms)
				EditorAssembliesLoaded (1ms)
			ExecutionOrderSort2 (0ms)
			AwakeInstancesAfterBackupRestoration (0ms)
Platform modules already initialized, skipping
Registering precompiled user dll's ...
Registered in 0.017274 seconds.
Begin MonoManager ReloadAssembly
Symbol file LoadedFromMemory doesn't match image C:\Users\24544\Desktop\government_Projects\CardFps\Library\PackageCache\com.unity.visualscripting@1.7.8\Editor\VisualScripting.Core\Dependencies\YamlDotNet\Unity.VisualScripting.YamlDotNet.dll
Symbol file LoadedFromMemory doesn't match image C:\Users\24544\Desktop\government_Projects\CardFps\Library\PackageCache\com.unity.visualscripting@1.7.8\Editor\VisualScripting.Core\Dependencies\DotNetZip\Unity.VisualScripting.IonicZip.dll
Native extension for WindowsStandalone target not found
Native extension for Android target not found
Refreshing native plugins compatible for Editor in 292.70 ms, found 3 plugins.
Preloading 0 native plugins for Editor in 0.00 ms.
Mono: successfully reloaded assembly
- Completed reload, in  4.201 seconds
Domain Reload Profiling:
	ReloadAssembly (4204ms)
		BeginReloadAssembly (441ms)
			ExecutionOrderSort (0ms)
			DisableScriptedObjects (12ms)
			BackupInstance (0ms)
			ReleaseScriptingObjects (0ms)
			CreateAndSetChildDomain (162ms)
		EndReloadAssembly (3519ms)
			LoadAssemblies (390ms)
			RebuildTransferFunctionScriptingTraits (0ms)
			SetupTypeCache (747ms)
			ReleaseScriptCaches (1ms)
			RebuildScriptCaches (139ms)
			SetupLoadedEditorAssemblies (2195ms)
				LogAssemblyErrors (0ms)
				InitializePlatformSupportModulesInManaged (27ms)
				SetLoadedEditorAssemblies (0ms)
				RefreshPlugins (293ms)
				BeforeProcessingInitializeOnLoad (253ms)
				ProcessInitializeOnLoadAttributes (957ms)
				ProcessInitializeOnLoadMethodAttributes (646ms)
				AfterProcessingInitializeOnLoad (18ms)
				EditorAssembliesLoaded (1ms)
			ExecutionOrderSort2 (0ms)
			AwakeInstancesAfterBackupRestoration (30ms)
Platform modules already initialized, skipping
========================================================================
Worker process is ready to serve import requests
Launched and connected shader compiler UnityShaderCompiler.exe after 0.19 seconds
Refreshing native plugins compatible for Editor in 3.73 ms, found 3 plugins.
Preloading 0 native plugins for Editor in 0.00 ms.
Unloading 5676 Unused Serialized files (Serialized files now loaded: 0)
Unloading 45 unused Assets / (1.6 MB). Loaded Objects now: 6128.
Memory consumption went from 308.4 MB to 306.8 MB.
Total: 10.942000 ms (FindLiveObjects: 1.595500 ms CreateObjectMapping: 1.587400 ms MarkObjects: 6.760600 ms  DeleteObjects: 0.996300 ms)

AssetImportParameters requested are different than current active one (requested -> active):
  custom:video-decoder-ogg-theora: a1e56fd34408186e4bbccfd4996cb3dc -> 
  custom:container-muxer-webm: aa71ff27fc2769a1b78a27578f13a17b -> 
  custom:container-demuxer-webm: 4f35f7cbe854078d1ac9338744f61a02 -> 
  custom:video-encoder-webm-vp8: eb34c28f22e8b96e1ab97ce403110664 -> 
  custom:audio-encoder-webm-vorbis: bf7c407c2cedff20999df2af8eb42d56 -> 
  custom:framework-win-MediaFoundation: 216162199b28c13a410421893ffa2e32 -> 
  custom:container-demuxer-ogg: 62fdf1f143b41e24485cea50d1cbac27 -> 
  custom:video-decoder-webm-vp8: 9c59270c3fd7afecdb556c50c9e8de78 -> 
  custom:audio-decoder-ogg-vorbis: bf7c407c2cedff20999df2af8eb42d56 -> 
========================================================================
Received Import Request.
  Time since last request: 917323.613343 seconds.
  path: Assets/Scripts/Target.cs
  artifactKey: Guid(cfe635d78ce855649a420a15407d942d) Importer(815301076,1909f56bfc062723c751e8b465ee728b)
Start importing Assets/Scripts/Target.cs using Guid(cfe635d78ce855649a420a15407d942d) Importer(815301076,1909f56bfc062723c751e8b465ee728b)  -> (artifact id: 'fd3a946e55fb5888321c2128e617c46b') in 0.110407 seconds 
========================================================================
Received Import Request.
  Time since last request: 0.000037 seconds.
  path: Assets/ScriptObjects/Card01.asset
  artifactKey: Guid(975a4ee20a67f694b82a1c54397d3ae9) Importer(815301076,1909f56bfc062723c751e8b465ee728b)
Start importing Assets/ScriptObjects/Card01.asset using Guid(975a4ee20a67f694b82a1c54397d3ae9) Importer(815301076,1909f56bfc062723c751e8b465ee728b)  -> (artifact id: '95a2bde4f5aa1ca22f2c8f48e8ac497e') in 0.046083 seconds 
========================================================================
Received Import Request.
  Time since last request: 132.620167 seconds.
  path: Assets/Scripts/Target.cs
  artifactKey: Guid(cfe635d78ce855649a420a15407d942d) Importer(815301076,1909f56bfc062723c751e8b465ee728b)
Start importing Assets/Scripts/Target.cs using Guid(cfe635d78ce855649a420a15407d942d) Importer(815301076,1909f56bfc062723c751e8b465ee728b)  -> (artifact id: '8244cdc909197903508722aa989bfb8d') in 0.003480 seconds 
========================================================================
Received Import Request.
  Time since last request: 57.231228 seconds.
  path: Assets/Scripts/Target.cs
  artifactKey: Guid(cfe635d78ce855649a420a15407d942d) Importer(815301076,1909f56bfc062723c751e8b465ee728b)
Start importing Assets/Scripts/Target.cs using Guid(cfe635d78ce855649a420a15407d942d) Importer(815301076,1909f56bfc062723c751e8b465ee728b)  -> (artifact id: '343f57977e7f9a6b961f771211958f28') in 0.006751 seconds 
========================================================================
Received Import Request.
  Time since last request: 32.880145 seconds.
  path: Assets/Scripts/Target.cs
  artifactKey: Guid(cfe635d78ce855649a420a15407d942d) Importer(815301076,1909f56bfc062723c751e8b465ee728b)
Start importing Assets/Scripts/Target.cs using Guid(cfe635d78ce855649a420a15407d942d) Importer(815301076,1909f56bfc062723c751e8b465ee728b)  -> (artifact id: '5aff9ebb518944716cdfa3188b7f9e2b') in 0.004814 seconds 
========================================================================
Received Import Request.
  Time since last request: 30.097882 seconds.
  path: Assets/Scripts/Target.cs
  artifactKey: Guid(cfe635d78ce855649a420a15407d942d) Importer(815301076,1909f56bfc062723c751e8b465ee728b)
Start importing Assets/Scripts/Target.cs using Guid(cfe635d78ce855649a420a15407d942d) Importer(815301076,1909f56bfc062723c751e8b465ee728b)  -> (artifact id: '22e5090fb590fbb2891de17f3a29d2a4') in 0.006622 seconds 
========================================================================
Received Import Request.
  Time since last request: 31.764600 seconds.
  path: Assets/Scripts/Target.cs
  artifactKey: Guid(cfe635d78ce855649a420a15407d942d) Importer(815301076,1909f56bfc062723c751e8b465ee728b)
Start importing Assets/Scripts/Target.cs using Guid(cfe635d78ce855649a420a15407d942d) Importer(815301076,1909f56bfc062723c751e8b465ee728b)  -> (artifact id: 'b1365cacbb1ee5e538238485cb22ec7b') in 0.003451 seconds 
========================================================================
Received Import Request.
  Time since last request: 37.122279 seconds.
  path: Assets/Scripts/Target.cs
  artifactKey: Guid(cfe635d78ce855649a420a15407d942d) Importer(815301076,1909f56bfc062723c751e8b465ee728b)
Start importing Assets/Scripts/Target.cs using Guid(cfe635d78ce855649a420a15407d942d) Importer(815301076,1909f56bfc062723c751e8b465ee728b)  -> (artifact id: 'a744d3eae87390e35c51f549143481a2') in 0.005236 seconds 
========================================================================
Received Import Request.
  Time since last request: 8.472453 seconds.
  path: Assets/Scripts/Target.cs
  artifactKey: Guid(cfe635d78ce855649a420a15407d942d) Importer(815301076,1909f56bfc062723c751e8b465ee728b)
Start importing Assets/Scripts/Target.cs using Guid(cfe635d78ce855649a420a15407d942d) Importer(815301076,1909f56bfc062723c751e8b465ee728b)  -> (artifact id: 'f536f82c1024f520d6b1466ca80ec54c') in 0.005028 seconds 
========================================================================
Received Import Request.
  Time since last request: 14.328531 seconds.
  path: Assets/Scripts/Target.cs
  artifactKey: Guid(cfe635d78ce855649a420a15407d942d) Importer(815301076,1909f56bfc062723c751e8b465ee728b)
Start importing Assets/Scripts/Target.cs using Guid(cfe635d78ce855649a420a15407d942d) Importer(815301076,1909f56bfc062723c751e8b465ee728b)  -> (artifact id: '6fe7fe19ff494c97c6507cb14d08c738') in 0.004351 seconds 
========================================================================
Received Import Request.
  Time since last request: 120.757653 seconds.
  path: Assets/Scripts/Target.cs
  artifactKey: Guid(cfe635d78ce855649a420a15407d942d) Importer(815301076,1909f56bfc062723c751e8b465ee728b)
Start importing Assets/Scripts/Target.cs using Guid(cfe635d78ce855649a420a15407d942d) Importer(815301076,1909f56bfc062723c751e8b465ee728b)  -> (artifact id: '467e23223bf083f27122a99b76b389f4') in 0.004375 seconds 
========================================================================
Received Import Request.
  Time since last request: 15.680685 seconds.
  path: Assets/Scripts/Target.cs
  artifactKey: Guid(cfe635d78ce855649a420a15407d942d) Importer(815301076,1909f56bfc062723c751e8b465ee728b)
Start importing Assets/Scripts/Target.cs using Guid(cfe635d78ce855649a420a15407d942d) Importer(815301076,1909f56bfc062723c751e8b465ee728b)  -> (artifact id: '52f51d8c5efd5e172ad3e38683c05eac') in 0.004288 seconds 
========================================================================
Received Import Request.
  Time since last request: 21.343768 seconds.
  path: Assets/Scripts/Target.cs
  artifactKey: Guid(cfe635d78ce855649a420a15407d942d) Importer(815301076,1909f56bfc062723c751e8b465ee728b)
Start importing Assets/Scripts/Target.cs using Guid(cfe635d78ce855649a420a15407d942d) Importer(815301076,1909f56bfc062723c751e8b465ee728b)  -> (artifact id: 'ed622996f5231281cc8307ca1de06749') in 0.005858 seconds 
========================================================================
Received Import Request.
  Time since last request: 16.266009 seconds.
  path: Assets/Scripts/Target.cs
  artifactKey: Guid(cfe635d78ce855649a420a15407d942d) Importer(815301076,1909f56bfc062723c751e8b465ee728b)
Start importing Assets/Scripts/Target.cs using Guid(cfe635d78ce855649a420a15407d942d) Importer(815301076,1909f56bfc062723c751e8b465ee728b)  -> (artifact id: '92f87946f0c53bc49e71b85655baa12a') in 0.004067 seconds 
========================================================================
Received Import Request.
  Time since last request: 3.291165 seconds.
  path: Assets/Scripts/Target.cs
  artifactKey: Guid(cfe635d78ce855649a420a15407d942d) Importer(815301076,1909f56bfc062723c751e8b465ee728b)
Start importing Assets/Scripts/Target.cs using Guid(cfe635d78ce855649a420a15407d942d) Importer(815301076,1909f56bfc062723c751e8b465ee728b)  -> (artifact id: '614b948eba6ef756471026aecc986a97') in 0.004423 seconds 
========================================================================
Received Import Request.
  Time since last request: 21.883524 seconds.
  path: Assets/Scripts/Target.cs
  artifactKey: Guid(cfe635d78ce855649a420a15407d942d) Importer(815301076,1909f56bfc062723c751e8b465ee728b)
Start importing Assets/Scripts/Target.cs using Guid(cfe635d78ce855649a420a15407d942d) Importer(815301076,1909f56bfc062723c751e8b465ee728b)  -> (artifact id: 'e82a29e87374e677cd25101534b32371') in 0.005955 seconds 
========================================================================
Received Import Request.
  Time since last request: 378.817868 seconds.
  path: Assets/Scripts/Target.cs
  artifactKey: Guid(cfe635d78ce855649a420a15407d942d) Importer(815301076,1909f56bfc062723c751e8b465ee728b)
Start importing Assets/Scripts/Target.cs using Guid(cfe635d78ce855649a420a15407d942d) Importer(815301076,1909f56bfc062723c751e8b465ee728b)  -> (artifact id: 'b559bb80eb48d28f1588b687034c8d94') in 0.003591 seconds 
========================================================================
Received Import Request.
  Time since last request: 14.615367 seconds.
  path: Assets/Scripts/Target.cs
  artifactKey: Guid(cfe635d78ce855649a420a15407d942d) Importer(815301076,1909f56bfc062723c751e8b465ee728b)
Start importing Assets/Scripts/Target.cs using Guid(cfe635d78ce855649a420a15407d942d) Importer(815301076,1909f56bfc062723c751e8b465ee728b)  -> (artifact id: '8ba59b5d8d4b197f3f04b568a0acdaa3') in 0.006706 seconds 
========================================================================
Received Import Request.
  Time since last request: 36.607876 seconds.
  path: Assets/Scripts/Target.cs
  artifactKey: Guid(cfe635d78ce855649a420a15407d942d) Importer(815301076,1909f56bfc062723c751e8b465ee728b)
Start importing Assets/Scripts/Target.cs using Guid(cfe635d78ce855649a420a15407d942d) Importer(815301076,1909f56bfc062723c751e8b465ee728b)  -> (artifact id: 'ade7e80984477dac6fd8459102625f14') in 0.008062 seconds 
========================================================================
Received Import Request.
  Time since last request: 369.371364 seconds.
  path: Assets/Scripts/Target.cs
  artifactKey: Guid(cfe635d78ce855649a420a15407d942d) Importer(815301076,1909f56bfc062723c751e8b465ee728b)
Start importing Assets/Scripts/Target.cs using Guid(cfe635d78ce855649a420a15407d942d) Importer(815301076,1909f56bfc062723c751e8b465ee728b)  -> (artifact id: '6226fac21b3a5f2aafe7c4211dac909d') in 0.007961 seconds 
========================================================================
Received Prepare
Registering precompiled user dll's ...
Registered in 0.015768 seconds.
Begin MonoManager ReloadAssembly
Symbol file LoadedFromMemory doesn't match image C:\Users\24544\Desktop\government_Projects\CardFps\Library\PackageCache\com.unity.visualscripting@1.7.8\Editor\VisualScripting.Core\Dependencies\YamlDotNet\Unity.VisualScripting.YamlDotNet.dll
Symbol file LoadedFromMemory doesn't match image C:\Users\24544\Desktop\government_Projects\CardFps\Library\PackageCache\com.unity.visualscripting@1.7.8\Editor\VisualScripting.Core\Dependencies\DotNetZip\Unity.VisualScripting.IonicZip.dll
